<?xml version="1.0" encoding="UTF-8"?>
<testng-results skipped="0" failed="0" total="1" passed="1">
  <reporter-output>
  </reporter-output>
  <suite name="Command line suite" duration-ms="6" started-at="2020-10-26T14:57:57Z" finished-at="2020-10-26T14:57:57Z">
    <groups>
    </groups>
    <test name="Command line test" duration-ms="6" started-at="2020-10-26T14:57:57Z" finished-at="2020-10-26T14:57:57Z">
      <class name="com.maven.testNGMaven.AppTest">
        <test-method status="PASS" signature="testApp()[pri:0, instance:testApp(com.maven.testNGMaven.AppTest)]" name="testApp" duration-ms="0" started-at="2020-10-26T14:57:57Z" finished-at="2020-10-26T14:57:57Z">
          <reporter-output>
          </reporter-output>
        </test-method> <!-- testApp -->
      </class> <!-- com.maven.testNGMaven.AppTest -->
    </test> <!-- Command line test -->
  </suite> <!-- Command line suite -->
</testng-results>
