<?xml version="1.0" encoding="UTF-8"?>
<!-- Generated by org.testng.reporters.JUnitXMLReporter -->
<testsuite hostname="GRACE" name="Command line test" tests="3" failures="0" timestamp="26 Oct 2020 16:03:34 GMT" time="0.015" errors="0">
  <testcase name="exampleOfTestNgMaven" time="0.006" classname="com.maven.testNGMaven.TestNgMavenExampleTest"/>
  <testcase name="testAdd" time="0.001" classname="com.maven.testNGMaven.TestNgMavenExampleTest"/>
  <testcase name="oneMoreTest" time="0.001" classname="com.maven.testNGMaven.TestNgMavenSecondClass"/>
</testsuite> <!-- Command line test -->
