<?xml version="1.0" encoding="UTF-8"?>
<testng-results skipped="0" failed="0" total="3" passed="3">
  <reporter-output>
  </reporter-output>
  <suite name="Command line suite" duration-ms="17" started-at="2020-10-26T15:44:39Z" finished-at="2020-10-26T15:44:39Z">
    <groups>
    </groups>
    <test name="Command line test" duration-ms="17" started-at="2020-10-26T15:44:39Z" finished-at="2020-10-26T15:44:39Z">
      <class name="com.maven.testNGMaven.TestNgMavenSecondClass">
        <test-method status="PASS" signature="oneMoreTest()[pri:0, instance:com.maven.testNGMaven.TestNgMavenSecondClass@5e025e70]" name="oneMoreTest" duration-ms="0" started-at="2020-10-26T15:44:39Z" finished-at="2020-10-26T15:44:39Z">
          <reporter-output>
          </reporter-output>
        </test-method> <!-- oneMoreTest -->
      </class> <!-- com.maven.testNGMaven.TestNgMavenSecondClass -->
      <class name="com.maven.testNGMaven.TestNgMavenExampleTest">
        <test-method status="PASS" signature="exampleOfTestNgMaven()[pri:0, instance:com.maven.testNGMaven.TestNgMavenExampleTest@56cbfb61]" name="exampleOfTestNgMaven" duration-ms="5" started-at="2020-10-26T15:44:39Z" finished-at="2020-10-26T15:44:39Z">
          <reporter-output>
          </reporter-output>
        </test-method> <!-- exampleOfTestNgMaven -->
        <test-method status="PASS" signature="testAdd()[pri:0, instance:com.maven.testNGMaven.TestNgMavenExampleTest@56cbfb61]" name="testAdd" duration-ms="2" started-at="2020-10-26T15:44:39Z" finished-at="2020-10-26T15:44:39Z">
          <reporter-output>
          </reporter-output>
        </test-method> <!-- testAdd -->
      </class> <!-- com.maven.testNGMaven.TestNgMavenExampleTest -->
    </test> <!-- Command line test -->
  </suite> <!-- Command line suite -->
</testng-results>
