<?xml version="1.0" encoding="UTF-8" ?>
<testsuite tests="18" failures="1" name="TestSuite" time="0.77" errors="0" skipped="17">
  <properties>
[...]
</properties>
  <testcase classname="com.maven.testNGMaven.TestNgMavenSecondClass" name="setUp" time="0.369">
    <failure message="The driver executable does not exist: C:\Users\navyug\workspace\QAPractise\src\ChromeDriver\chromedriver.exe" type="java.lang.IllegalStateException">java.lang.IllegalStateException: The driver executable does not exist: C:\Users\navyug\workspace\QAPractise\src\ChromeDriver\chromedriver.exe
	at com.google.common.base.Preconditions.checkState(Preconditions.java:197)
	at org.openqa.selenium.remote.service.DriverService.checkExecutable(DriverService.java:122)
	at org.openqa.selenium.remote.service.DriverService.findExecutable(DriverService.java:117)
	at org.openqa.selenium.chrome.ChromeDriverService.access$000(ChromeDriverService.java:32)
	at org.openqa.selenium.chrome.ChromeDriverService$Builder.findDefaultExecutable(ChromeDriverService.java:118)
	at org.openqa.selenium.remote.service.DriverService$Builder.build(DriverService.java:291)
	at org.openqa.selenium.chrome.ChromeDriverService.createDefaultService(ChromeDriverService.java:82)
	at org.openqa.selenium.chrome.ChromeDriver.&lt;init&gt;(ChromeDriver.java:117)
	at com.maven.testNGMaven.TestNgMavenSecondClass.setUp(TestNgMavenSecondClass.java:42)
</failure>
    <system-out>Configuring TestNG with: org.apache.maven.surefire.testng.conf.TestNG652Configurator@7a7b0070
</system-out>
  </testcase>
  <testcase classname="com.maven.testNGMaven.TestNgMavenSecondClass" name="profileSetup" time="0.37">
    <skipped/>
  </testcase>
  <testcase classname="com.maven.testNGMaven.TestNgMavenExampleTest" name="LoginTest" time="0">
    <skipped/>
  </testcase>
  <testcase classname="com.maven.testNGMaven.TestNgMavenExampleTest" name="LogoutTest" time="0">
    <skipped/>
  </testcase>
  <testcase classname="com.maven.testNGMaven.TestNgMavenExampleTest" name="exampleOfTestNgMaven" time="0.001">
    <skipped/>
  </testcase>
  <testcase classname="com.maven.testNGMaven.TestNgMavenExampleTest" name="testAdd" time="0">
    <skipped/>
  </testcase>
  <testcase classname="com.maven.testNGMaven.TestNgMavenSecondClass" name="appSetup" time="0">
    <skipped/>
  </testcase>
  <testcase classname="com.maven.testNGMaven.TestNgMavenSecondClass" name="checkLogin" time="0">
    <skipped/>
  </testcase>
  <testcase classname="com.maven.testNGMaven.TestNgMavenSecondClass" name="oneMoreTest" time="0">
    <skipped/>
  </testcase>
  <testcase classname="com.maven.testNGMaven.TestNgMavenSecondClass" name="screenShot" time="0">
    <skipped/>
  </testcase>
  <testcase classname="com.maven.testNGMaven.TestNgMavenSecondClass" name="setUpSecurity" time="0">
    <skipped/>
  </testcase>
  <testcase classname="com.maven.testNGMaven.TestNgMavenSecondClass" name="checkLogin" time="0.001">
    <skipped/>
  </testcase>
  <testcase classname="com.maven.testNGMaven.TestNgMavenSecondClass" name="testCurrentUrl" time="0">
    <skipped/>
  </testcase>
  <testcase classname="com.maven.testNGMaven.TestNgMavenSecondClass" name="screenShot" time="0">
    <skipped/>
  </testcase>
  <testcase classname="com.maven.testNGMaven.TestNgMavenSecondClass" name="tearDownSecurity" time="0">
    <skipped/>
  </testcase>
  <testcase classname="com.maven.testNGMaven.TestNgMavenSecondClass" name="closeUp" time="0">
    <skipped/>
  </testcase>
  <testcase classname="com.maven.testNGMaven.TestNgMavenSecondClass" name="reportReady" time="0.001">
    <skipped/>
  </testcase>
  <testcase classname="com.maven.testNGMaven.TestNgMavenSecondClass" name="cleanUp" time="0.028">
    <skipped/>
  </testcase>
</testsuite>